<?xml version="1.0" encoding="UTF-8"?>
<testng-results skipped="0" failed="0" total="1" passed="1">
  <reporter-output>
  </reporter-output>
  <suite name="Default suite" duration-ms="41" started-at="2018-08-15T16:47:19Z" finished-at="2018-08-15T16:47:19Z">
    <groups>
    </groups>
    <test name="Default test" duration-ms="41" started-at="2018-08-15T16:47:19Z" finished-at="2018-08-15T16:47:19Z">
      <class name="jenkins.jenkins">
        <test-method status="PASS" signature="setup()[pri:0, instance:jenkins.jenkins@2ef5e5e3]" name="setup" duration-ms="16" started-at="2018-08-15T13:47:19Z" finished-at="2018-08-15T13:47:19Z">
          <reporter-output>
          </reporter-output>
        </test-method> <!-- setup -->
      </class> <!-- jenkins.jenkins -->
    </test> <!-- Default test -->
  </suite> <!-- Default suite -->
</testng-results>
